<?xml version="1.0" encoding="UTF-8"?>
<testng-results skipped="0" failed="0" total="2" passed="2">
  <reporter-output>
  </reporter-output>
  <suite name="Suite" duration-ms="11380" started-at="2018-02-04T05:08:01Z" finished-at="2018-02-04T05:08:13Z">
    <groups>
      <group name="Sanity">
        <method signature="DataProviderTestNG.orangeHRMLogin(java.lang.String, java.lang.String)[pri:0, instance:testNGPackage.DataProviderTestNG@7006c658]" name="orangeHRMLogin" class="testNGPackage.DataProviderTestNG"/>
        <method signature="TestNGDemo1.testCase3()[pri:0, instance:testNGPackage.TestNGDemo1@33a10788]" name="testCase3" class="testNGPackage.TestNGDemo1"/>
      </group> <!-- Sanity -->
      <group name="Reg">
        <method signature="DataProviderTestNG.orangeHRMLogin(java.lang.String, java.lang.String)[pri:0, instance:testNGPackage.DataProviderTestNG@7006c658]" name="orangeHRMLogin" class="testNGPackage.DataProviderTestNG"/>
      </group> <!-- Reg -->
    </groups>
    <test name="SanityTest" duration-ms="11380" started-at="2018-02-04T05:08:01Z" finished-at="2018-02-04T05:08:13Z">
      <class name="testNGPackage.DataProviderTestNG">
        <test-method status="PASS" signature="orangeHRMLogin(java.lang.String, java.lang.String)[pri:0, instance:testNGPackage.DataProviderTestNG@7006c658]" name="orangeHRMLogin" duration-ms="11364" started-at="2018-02-04T10:38:01Z" data-provider="Credentials" finished-at="2018-02-04T10:38:13Z">
          <params>
            <param index="0">
              <value>
                <![CDATA[Admin]]>
              </value>
            </param>
            <param index="1">
              <value>
                <![CDATA[admin]]>
              </value>
            </param>
          </params>
          <reporter-output>
          </reporter-output>
        </test-method> <!-- orangeHRMLogin -->
      </class> <!-- testNGPackage.DataProviderTestNG -->
      <class name="testNGPackage.TestNGDemo1">
        <test-method status="PASS" signature="beforeSuite()[pri:0, instance:testNGPackage.TestNGDemo1@33a10788]" name="beforeSuite" is-config="true" duration-ms="0" started-at="2018-02-04T10:38:01Z" finished-at="2018-02-04T10:38:01Z">
          <reporter-output>
          </reporter-output>
        </test-method> <!-- beforeSuite -->
        <test-method status="PASS" signature="beforeTest()[pri:0, instance:testNGPackage.TestNGDemo1@33a10788]" name="beforeTest" is-config="true" duration-ms="0" started-at="2018-02-04T10:38:01Z" finished-at="2018-02-04T10:38:01Z">
          <reporter-output>
          </reporter-output>
        </test-method> <!-- beforeTest -->
        <test-method status="PASS" signature="testCase3()[pri:0, instance:testNGPackage.TestNGDemo1@33a10788]" name="testCase3" duration-ms="0" started-at="2018-02-04T10:38:01Z" finished-at="2018-02-04T10:38:01Z">
          <reporter-output>
          </reporter-output>
        </test-method> <!-- testCase3 -->
        <test-method status="PASS" signature="afterTest()[pri:0, instance:testNGPackage.TestNGDemo1@33a10788]" name="afterTest" is-config="true" duration-ms="0" started-at="2018-02-04T10:38:13Z" finished-at="2018-02-04T10:38:13Z">
          <reporter-output>
          </reporter-output>
        </test-method> <!-- afterTest -->
        <test-method status="PASS" signature="afterSuite()[pri:0, instance:testNGPackage.TestNGDemo1@33a10788]" name="afterSuite" is-config="true" duration-ms="0" started-at="2018-02-04T10:38:13Z" finished-at="2018-02-04T10:38:13Z">
          <reporter-output>
          </reporter-output>
        </test-method> <!-- afterSuite -->
      </class> <!-- testNGPackage.TestNGDemo1 -->
    </test> <!-- SanityTest -->
  </suite> <!-- Suite -->
</testng-results>
